Started GET "/" for 127.0.0.1 at 2021-01-16 17:07:23 +0000
  [1m[35m (6.1ms)[0m  [1m[34mSELECT sqlite_version(*)[0m
Processing by MainController#index as HTML
  Rendering layout layouts/application.html.erb
  Rendering main/index.html.erb within layouts/application
  Rendered main/index.html.erb within layouts/application (Duration: 1084.4ms | Allocations: 32872)
[Webpacker] Compiling...
Started GET "/" for 127.0.0.1 at 2021-01-16 17:07:25 +0000
Processing by MainController#index as HTML
  Rendering layout layouts/application.html.erb
  Rendering main/index.html.erb within layouts/application
  Rendered main/index.html.erb within layouts/application (Duration: 10.6ms | Allocations: 3652)
[Webpacker] Compiling...
[Webpacker] Compilation failed:
C:\Users\jdelh\Documents\Rails\DAW1-Sprint3\practicaDaw\node_modules\webpack-cli\bin\cli.js:93
				throw err;
				^

Error: Cannot find module 'C:\Users\jdelh\Documents\Rails\DAW1-Sprint3\practicaDaw\node_modules\acorn\dist\acorn.js'. Please verify that the package.json has a valid "main" entry
    at tryPackage (internal/modules/cjs/loader.js:303:19)
    at Function.Module._findPath (internal/modules/cjs/loader.js:516:18)
    at Function.Module._resolveFilename (internal/modules/cjs/loader.js:867:27)
    at Function.Module._load (internal/modules/cjs/loader.js:725:27)
    at Module.require (internal/modules/cjs/loader.js:952:19)
    at require (C:\Users\jdelh\Documents\Rails\DAW1-Sprint3\practicaDaw\node_modules\v8-compile-cache\v8-compile-cache.js:159:20)
    at Object.<anonymous> (C:\Users\jdelh\Documents\Rails\DAW1-Sprint3\practicaDaw\node_modules\webpack\lib\Parser.js:9:15)
    at Module._compile (C:\Users\jdelh\Documents\Rails\DAW1-Sprint3\practicaDaw\node_modules\v8-compile-cache\v8-compile-cache.js:192:30)
    at Object.Module._extensions..js (internal/modules/cjs/loader.js:1092:10)
    at Module.load (internal/modules/cjs/loader.js:928:32)
    at Function.Module._load (internal/modules/cjs/loader.js:769:14)
    at Module.require (internal/modules/cjs/loader.js:952:19)
    at require (C:\Users\jdelh\Documents\Rails\DAW1-Sprint3\practicaDaw\node_modules\v8-compile-cache\v8-compile-cache.js:159:20)
    at Object.<anonymous> (C:\Users\jdelh\Documents\Rails\DAW1-Sprint3\practicaDaw\node_modules\webpack\lib\JavascriptModulesPlugin.js:7:16)
    at Module._compile (C:\Users\jdelh\Documents\Rails\DAW1-Sprint3\practicaDaw\node_modules\v8-compile-cache\v8-compile-cache.js:192:30)
    at Object.Module._extensions..js (internal/modules/cjs/loader.js:1092:10)
    at Module.load (internal/modules/cjs/loader.js:928:32)
    at Function.Module._load (internal/modules/cjs/loader.js:769:14)
    at Module.require (internal/modules/cjs/loader.js:952:19)
    at require (C:\Users\jdelh\Documents\Rails\DAW1-Sprint3\practicaDaw\node_modules\v8-compile-cache\v8-compile-cache.js:159:20)
    at Object.<anonymous> (C:\Users\jdelh\Documents\Rails\DAW1-Sprint3\practicaDaw\node_modules\webpack\lib\WebpackOptionsApply.js:9:33)
    at Module._compile (C:\Users\jdelh\Documents\Rails\DAW1-Sprint3\practicaDaw\node_modules\v8-compile-cache\v8-compile-cache.js:192:30)
    at Object.Module._extensions..js (internal/modules/cjs/loader.js:1092:10)
    at Module.load (internal/modules/cjs/loader.js:928:32)
    at Function.Module._load (internal/modules/cjs/loader.js:769:14)
    at Module.require (internal/modules/cjs/loader.js:952:19)
    at require (C:\Users\jdelh\Documents\Rails\DAW1-Sprint3\practicaDaw\node_modules\v8-compile-cache\v8-compile-cache.js:159:20)
    at Object.<anonymous> (C:\Users\jdelh\Documents\Rails\DAW1-Sprint3\practicaDaw\node_modules\webpack\lib\webpack.js:10:29)
    at Module._compile (C:\Users\jdelh\Documents\Rails\DAW1-Sprint3\practicaDaw\node_modules\v8-compile-cache\v8-compile-cache.js:192:30)
    at Object.Module._extensions..js (internal/modules/cjs/loader.js:1092:10) {
  code: 'MODULE_NOT_FOUND',
  path: 'C:\\Users\\jdelh\\Documents\\Rails\\DAW1-Sprint3\\practicaDaw\\node_modules\\acorn\\package.json',
  requestPath: 'acorn'
}

  Rendered layout layouts/application.html.erb (Duration: 3508.5ms | Allocations: 52829)
Completed 200 OK in 3563ms (Views: 3528.5ms | ActiveRecord: 0.0ms | Allocations: 55433)


[Webpacker] Compilation failed:
C:\Users\jdelh\Documents\Rails\DAW1-Sprint3\practicaDaw\node_modules\webpack-cli\bin\cli.js:93
				throw err;
				^

Error: Cannot find module 'C:\Users\jdelh\Documents\Rails\DAW1-Sprint3\practicaDaw\node_modules\acorn\dist\acorn.js'. Please verify that the package.json has a valid "main" entry
    at tryPackage (internal/modules/cjs/loader.js:303:19)
    at Function.Module._findPath (internal/modules/cjs/loader.js:516:18)
    at Function.Module._resolveFilename (internal/modules/cjs/loader.js:867:27)
    at Function.Module._load (internal/modules/cjs/loader.js:725:27)
    at Module.require (internal/modules/cjs/loader.js:952:19)
    at require (C:\Users\jdelh\Documents\Rails\DAW1-Sprint3\practicaDaw\node_modules\v8-compile-cache\v8-compile-cache.js:159:20)
    at Object.<anonymous> (C:\Users\jdelh\Documents\Rails\DAW1-Sprint3\practicaDaw\node_modules\webpack\lib\Parser.js:9:15)
    at Module._compile (C:\Users\jdelh\Documents\Rails\DAW1-Sprint3\practicaDaw\node_modules\v8-compile-cache\v8-compile-cache.js:192:30)
    at Object.Module._extensions..js (internal/modules/cjs/loader.js:1092:10)
    at Module.load (internal/modules/cjs/loader.js:928:32)
    at Function.Module._load (internal/modules/cjs/loader.js:769:14)
    at Module.require (internal/modules/cjs/loader.js:952:19)
    at require (C:\Users\jdelh\Documents\Rails\DAW1-Sprint3\practicaDaw\node_modules\v8-compile-cache\v8-compile-cache.js:159:20)
    at Object.<anonymous> (C:\Users\jdelh\Documents\Rails\DAW1-Sprint3\practicaDaw\node_modules\webpack\lib\JavascriptModulesPlugin.js:7:16)
    at Module._compile (C:\Users\jdelh\Documents\Rails\DAW1-Sprint3\practicaDaw\node_modules\v8-compile-cache\v8-compile-cache.js:192:30)
    at Object.Module._extensions..js (internal/modules/cjs/loader.js:1092:10)
    at Module.load (internal/modules/cjs/loader.js:928:32)
    at Function.Module._load (internal/modules/cjs/loader.js:769:14)
    at Module.require (internal/modules/cjs/loader.js:952:19)
    at require (C:\Users\jdelh\Documents\Rails\DAW1-Sprint3\practicaDaw\node_modules\v8-compile-cache\v8-compile-cache.js:159:20)
    at Object.<anonymous> (C:\Users\jdelh\Documents\Rails\DAW1-Sprint3\practicaDaw\node_modules\webpack\lib\WebpackOptionsApply.js:9:33)
    at Module._compile (C:\Users\jdelh\Documents\Rails\DAW1-Sprint3\practicaDaw\node_modules\v8-compile-cache\v8-compile-cache.js:192:30)
    at Object.Module._extensions..js (internal/modules/cjs/loader.js:1092:10)
    at Module.load (internal/modules/cjs/loader.js:928:32)
    at Function.Module._load (internal/modules/cjs/loader.js:769:14)
    at Module.require (internal/modules/cjs/loader.js:952:19)
    at require (C:\Users\jdelh\Documents\Rails\DAW1-Sprint3\practicaDaw\node_modules\v8-compile-cache\v8-compile-cache.js:159:20)
    at Object.<anonymous> (C:\Users\jdelh\Documents\Rails\DAW1-Sprint3\practicaDaw\node_modules\webpack\lib\webpack.js:10:29)
    at Module._compile (C:\Users\jdelh\Documents\Rails\DAW1-Sprint3\practicaDaw\node_modules\v8-compile-cache\v8-compile-cache.js:192:30)
    at Object.Module._extensions..js (internal/modules/cjs/loader.js:1092:10) {
  code: 'MODULE_NOT_FOUND',
  path: 'C:\\Users\\jdelh\\Documents\\Rails\\DAW1-Sprint3\\practicaDaw\\node_modules\\acorn\\package.json',
  requestPath: 'acorn'
}

  Rendered layout layouts/application.html.erb (Duration: 2008.1ms | Allocations: 13709)
Completed 200 OK in 2010ms (Views: 2009.2ms | ActiveRecord: 0.0ms | Allocations: 14087)


Started GET "/" for 127.0.0.1 at 2021-01-16 19:53:53 +0000
  [1m[35m (15.3ms)[0m  [1m[34mSELECT sqlite_version(*)[0m
Processing by MainController#index as HTML
  Rendering layout layouts/application.html.erb
  Rendering main/index.html.erb within layouts/application
  Rendered main/index.html.erb within layouts/application (Duration: 781.8ms | Allocations: 26956)
[Webpacker] Everything's up-to-date. Nothing to do
  Rendered layout layouts/application.html.erb (Duration: 936.5ms | Allocations: 32831)
Completed 200 OK in 1065ms (Views: 978.4ms | ActiveRecord: 0.0ms | Allocations: 35381)


Started GET "/main/signUp" for ::1 at 2021-01-16 19:55:30 +0000
Processing by MainController#signUp as HTML
  Rendering layout layouts/application.html.erb
  Rendering main/signUp.html.erb within layouts/application
  Rendered main/signUp.html.erb within layouts/application (Duration: 5.9ms | Allocations: 232)
[Webpacker] Everything's up-to-date. Nothing to do
  Rendered layout layouts/application.html.erb (Duration: 49.2ms | Allocations: 6498)
Completed 200 OK in 57ms (Views: 55.7ms | ActiveRecord: 0.0ms | Allocations: 7591)


Started GET "/main/index.html" for ::1 at 2021-01-16 19:55:36 +0000
Processing by MainController#index as HTML
  Rendering layout layouts/application.html.erb
  Rendering main/index.html.erb within layouts/application
  Rendered main/index.html.erb within layouts/application (Duration: 6.8ms | Allocations: 3129)
[Webpacker] Everything's up-to-date. Nothing to do
  Rendered layout layouts/application.html.erb (Duration: 60.8ms | Allocations: 8978)
Completed 200 OK in 63ms (Views: 61.6ms | ActiveRecord: 0.0ms | Allocations: 9480)


Started GET "/main/signUp" for ::1 at 2021-01-16 19:55:40 +0000
Processing by MainController#signUp as HTML
  Rendering layout layouts/application.html.erb
  Rendering main/signUp.html.erb within layouts/application
  Rendered main/signUp.html.erb within layouts/application (Duration: 0.1ms | Allocations: 39)
[Webpacker] Everything's up-to-date. Nothing to do
  Rendered layout layouts/application.html.erb (Duration: 49.8ms | Allocations: 5963)
Completed 200 OK in 51ms (Views: 50.8ms | ActiveRecord: 0.0ms | Allocations: 6344)


Started GET "/" for 127.0.0.1 at 2021-01-16 19:57:08 +0000
Processing by MainController#index as HTML
  Rendering layout layouts/application.html.erb
  Rendering main/index.html.erb within layouts/application
  Rendered main/index.html.erb within layouts/application (Duration: 6.9ms | Allocations: 3142)
[Webpacker] Everything's up-to-date. Nothing to do
  Rendered layout layouts/application.html.erb (Duration: 72.9ms | Allocations: 9316)
Completed 200 OK in 80ms (Views: 78.3ms | ActiveRecord: 0.0ms | Allocations: 10397)


Started GET "/main/signUp" for 127.0.0.1 at 2021-01-16 19:57:10 +0000
Processing by MainController#signUp as HTML
  Rendering layout layouts/application.html.erb
  Rendering main/signUp.html.erb within layouts/application
  Rendered main/signUp.html.erb within layouts/application (Duration: 1.7ms | Allocations: 226)
[Webpacker] Everything's up-to-date. Nothing to do
  Rendered layout layouts/application.html.erb (Duration: 51.8ms | Allocations: 6150)
Completed 200 OK in 55ms (Views: 53.2ms | ActiveRecord: 0.0ms | Allocations: 6653)


Started GET "/main/signUp" for 127.0.0.1 at 2021-01-16 20:00:39 +0000
Processing by MainController#signUp as HTML
  Rendering layout layouts/application.html.erb
  Rendering main/signUp.html.erb within layouts/application
  Rendered main/signUp.html.erb within layouts/application (Duration: 1.6ms | Allocations: 227)
[Webpacker] Everything's up-to-date. Nothing to do
  Rendered layout layouts/application.html.erb (Duration: 48.3ms | Allocations: 6498)
Completed 200 OK in 56ms (Views: 53.2ms | Allocations: 7580)


Started GET "/main/index" for 127.0.0.1 at 2021-01-16 20:00:41 +0000
Processing by MainController#index as HTML
  Rendering layout layouts/application.html.erb
  Rendering main/index.html.erb within layouts/application
  Rendered main/index.html.erb within layouts/application (Duration: 52.1ms | Allocations: 5275)
  Rendered layout layouts/application.html.erb (Duration: 52.9ms | Allocations: 5340)
Completed 500 Internal Server Error in 56ms (Allocations: 5822)


  
ActionView::Template::Error (The asset "carta /carta.jpg" is not present in the asset pipeline.
):
    27:                 <h3>Nuestra Carta</h3>
    28:                 <div class="row justify-content-center">
    29:                     <figure class="col-5 offset-1">
    30:                         <%= image_tag("carta /carta.jpg",:class=> "img-responsive w-100") %>
    31: 
    32:                     </figure>
    33:                     <div class="col-6">
  
app/views/main/index.html.erb:30
Started GET "/main/signUp" for 127.0.0.1 at 2021-01-16 20:00:45 +0000
Processing by MainController#signUp as HTML
  Rendering layout layouts/application.html.erb
  Rendering main/signUp.html.erb within layouts/application
  Rendered main/signUp.html.erb within layouts/application (Duration: 0.1ms | Allocations: 39)
[Webpacker] Everything's up-to-date. Nothing to do
  Rendered layout layouts/application.html.erb (Duration: 55.8ms | Allocations: 6002)
Completed 200 OK in 57ms (Views: 56.9ms | Allocations: 6381)


Started GET "/main/index.html" for 127.0.0.1 at 2021-01-16 20:00:46 +0000
Processing by MainController#index as HTML
  Rendering layout layouts/application.html.erb
  Rendering main/index.html.erb within layouts/application
  Rendered main/index.html.erb within layouts/application (Duration: 4.3ms | Allocations: 1942)
  Rendered layout layouts/application.html.erb (Duration: 5.1ms | Allocations: 2006)
Completed 500 Internal Server Error in 7ms (Allocations: 2355)


  
ActionView::Template::Error (The asset "carta /carta.jpg" is not present in the asset pipeline.
):
    27:                 <h3>Nuestra Carta</h3>
    28:                 <div class="row justify-content-center">
    29:                     <figure class="col-5 offset-1">
    30:                         <%= image_tag("carta /carta.jpg",:class=> "img-responsive w-100") %>
    31: 
    32:                     </figure>
    33:                     <div class="col-6">
  
app/views/main/index.html.erb:30
Started GET "/main/signUp" for 127.0.0.1 at 2021-01-16 20:00:57 +0000
Processing by MainController#signUp as HTML
  Rendering layout layouts/application.html.erb
  Rendering main/signUp.html.erb within layouts/application
  Rendered main/signUp.html.erb within layouts/application (Duration: 0.1ms | Allocations: 39)
[Webpacker] Everything's up-to-date. Nothing to do
  Rendered layout layouts/application.html.erb (Duration: 49.3ms | Allocations: 5969)
Completed 200 OK in 51ms (Views: 50.2ms | Allocations: 6342)


Started GET "/main/signUp" for 127.0.0.1 at 2021-01-16 20:00:59 +0000
Processing by MainController#signUp as HTML
  Rendering layout layouts/application.html.erb
  Rendering main/signUp.html.erb within layouts/application
  Rendered main/signUp.html.erb within layouts/application (Duration: 0.2ms | Allocations: 39)
[Webpacker] Everything's up-to-date. Nothing to do
  Rendered layout layouts/application.html.erb (Duration: 54.7ms | Allocations: 5953)
Completed 200 OK in 56ms (Views: 55.7ms | Allocations: 6326)


Started GET "/main/signUp" for 127.0.0.1 at 2021-01-16 20:01:01 +0000
Processing by MainController#signUp as HTML
  Rendering layout layouts/application.html.erb
  Rendering main/signUp.html.erb within layouts/application
  Rendered main/signUp.html.erb within layouts/application (Duration: 0.1ms | Allocations: 39)
[Webpacker] Everything's up-to-date. Nothing to do
  Rendered layout layouts/application.html.erb (Duration: 55.5ms | Allocations: 5955)
Completed 200 OK in 57ms (Views: 56.5ms | Allocations: 6328)


Started GET "/main/signUp" for 127.0.0.1 at 2021-01-16 20:01:01 +0000
Processing by MainController#signUp as HTML
  Rendering layout layouts/application.html.erb
  Rendering main/signUp.html.erb within layouts/application
  Rendered main/signUp.html.erb within layouts/application (Duration: 0.1ms | Allocations: 39)
[Webpacker] Everything's up-to-date. Nothing to do
  Rendered layout layouts/application.html.erb (Duration: 40.8ms | Allocations: 5994)
Completed 200 OK in 42ms (Views: 41.8ms | Allocations: 6367)


Started GET "/main/signUp" for 127.0.0.1 at 2021-01-16 20:01:02 +0000
Processing by MainController#signUp as HTML
  Rendering layout layouts/application.html.erb
  Rendering main/signUp.html.erb within layouts/application
  Rendered main/signUp.html.erb within layouts/application (Duration: 0.1ms | Allocations: 39)
[Webpacker] Everything's up-to-date. Nothing to do
  Rendered layout layouts/application.html.erb (Duration: 46.3ms | Allocations: 5968)
Completed 200 OK in 48ms (Views: 47.4ms | Allocations: 6341)


Started GET "/main/signUp" for 127.0.0.1 at 2021-01-16 20:01:02 +0000
Processing by MainController#signUp as HTML
  Rendering layout layouts/application.html.erb
  Rendering main/signUp.html.erb within layouts/application
  Rendered main/signUp.html.erb within layouts/application (Duration: 0.1ms | Allocations: 39)
[Webpacker] Everything's up-to-date. Nothing to do
  Rendered layout layouts/application.html.erb (Duration: 40.9ms | Allocations: 5952)
Completed 200 OK in 42ms (Views: 41.8ms | Allocations: 6328)


Started GET "/main/signUp" for 127.0.0.1 at 2021-01-16 20:01:03 +0000
Processing by MainController#signUp as HTML
  Rendering layout layouts/application.html.erb
  Rendering main/signUp.html.erb within layouts/application
  Rendered main/signUp.html.erb within layouts/application (Duration: 0.1ms | Allocations: 39)
[Webpacker] Everything's up-to-date. Nothing to do
  Rendered layout layouts/application.html.erb (Duration: 56.2ms | Allocations: 5960)
Completed 200 OK in 58ms (Views: 57.1ms | Allocations: 6336)


Started GET "/main/signUp" for 127.0.0.1 at 2021-01-16 20:01:03 +0000
Processing by MainController#signUp as HTML
  Rendering layout layouts/application.html.erb
  Rendering main/signUp.html.erb within layouts/application
  Rendered main/signUp.html.erb within layouts/application (Duration: 0.1ms | Allocations: 39)
[Webpacker] Everything's up-to-date. Nothing to do
  Rendered layout layouts/application.html.erb (Duration: 52.2ms | Allocations: 5968)
Completed 200 OK in 54ms (Views: 53.2ms | Allocations: 6344)


Started GET "/main/index.html" for 127.0.0.1 at 2021-01-16 20:01:04 +0000
Processing by MainController#index as HTML
  Rendering layout layouts/application.html.erb
  Rendering main/index.html.erb within layouts/application
  Rendered main/index.html.erb within layouts/application (Duration: 3.0ms | Allocations: 1942)
  Rendered layout layouts/application.html.erb (Duration: 3.8ms | Allocations: 2006)
Completed 500 Internal Server Error in 5ms (Allocations: 2352)


  
ActionView::Template::Error (The asset "carta /carta.jpg" is not present in the asset pipeline.
):
    27:                 <h3>Nuestra Carta</h3>
    28:                 <div class="row justify-content-center">
    29:                     <figure class="col-5 offset-1">
    30:                         <%= image_tag("carta /carta.jpg",:class=> "img-responsive w-100") %>
    31: 
    32:                     </figure>
    33:                     <div class="col-6">
  
app/views/main/index.html.erb:30
Started GET "/main/index.html" for 127.0.0.1 at 2021-01-16 20:01:26 +0000
Processing by MainController#index as HTML
  Rendering layout layouts/application.html.erb
  Rendering main/index.html.erb within layouts/application
  Rendered main/index.html.erb within layouts/application (Duration: 23.2ms | Allocations: 2195)
  Rendered layout layouts/application.html.erb (Duration: 24.0ms | Allocations: 2259)
Completed 500 Internal Server Error in 31ms (Allocations: 3322)


  
ActionView::Template::Error (The asset "carta /carta.jpg" is not present in the asset pipeline.
):
    27:                 <h3>Nuestra Carta</h3>
    28:                 <div class="row justify-content-center">
    29:                     <figure class="col-5 offset-1">
    30:                         <%=image_tag("carta /carta.jpg",:class=> "img-responsive w-100")%>
    31: 
    32:                     </figure>
    33:                     <div class="col-6">
  
app/views/main/index.html.erb:30
Started GET "/main/index.html" for 127.0.0.1 at 2021-01-16 20:01:27 +0000
Processing by MainController#index as HTML
  Rendering layout layouts/application.html.erb
  Rendering main/index.html.erb within layouts/application
  Rendered main/index.html.erb within layouts/application (Duration: 3.0ms | Allocations: 1943)
  Rendered layout layouts/application.html.erb (Duration: 3.8ms | Allocations: 2007)
Completed 500 Internal Server Error in 5ms (Allocations: 2354)


  
ActionView::Template::Error (The asset "carta /carta.jpg" is not present in the asset pipeline.
):
    27:                 <h3>Nuestra Carta</h3>
    28:                 <div class="row justify-content-center">
    29:                     <figure class="col-5 offset-1">
    30:                         <%=image_tag("carta /carta.jpg",:class=> "img-responsive w-100")%>
    31: 
    32:                     </figure>
    33:                     <div class="col-6">
  
app/views/main/index.html.erb:30
Started GET "/main/index.html" for 127.0.0.1 at 2021-01-16 20:01:27 +0000
Processing by MainController#index as HTML
  Rendering layout layouts/application.html.erb
  Rendering main/index.html.erb within layouts/application
  Rendered main/index.html.erb within layouts/application (Duration: 4.3ms | Allocations: 1943)
  Rendered layout layouts/application.html.erb (Duration: 5.1ms | Allocations: 2007)
Completed 500 Internal Server Error in 6ms (Allocations: 2353)


  
ActionView::Template::Error (The asset "carta /carta.jpg" is not present in the asset pipeline.
):
    27:                 <h3>Nuestra Carta</h3>
    28:                 <div class="row justify-content-center">
    29:                     <figure class="col-5 offset-1">
    30:                         <%=image_tag("carta /carta.jpg",:class=> "img-responsive w-100")%>
    31: 
    32:                     </figure>
    33:                     <div class="col-6">
  
app/views/main/index.html.erb:30
Started GET "/main/index.html" for 127.0.0.1 at 2021-01-16 20:01:28 +0000
Processing by MainController#index as HTML
  Rendering layout layouts/application.html.erb
  Rendering main/index.html.erb within layouts/application
  Rendered main/index.html.erb within layouts/application (Duration: 2.7ms | Allocations: 1943)
  Rendered layout layouts/application.html.erb (Duration: 3.4ms | Allocations: 2007)
Completed 500 Internal Server Error in 5ms (Allocations: 2353)


  
ActionView::Template::Error (The asset "carta /carta.jpg" is not present in the asset pipeline.
):
    27:                 <h3>Nuestra Carta</h3>
    28:                 <div class="row justify-content-center">
    29:                     <figure class="col-5 offset-1">
    30:                         <%=image_tag("carta /carta.jpg",:class=> "img-responsive w-100")%>
    31: 
    32:                     </figure>
    33:                     <div class="col-6">
  
app/views/main/index.html.erb:30
Started GET "/main/index.html" for 127.0.0.1 at 2021-01-16 20:02:23 +0000
Processing by MainController#index as HTML
  Rendering layout layouts/application.html.erb
  Rendering main/index.html.erb within layouts/application
  Rendered main/index.html.erb within layouts/application (Duration: 25.2ms | Allocations: 3140)
[Webpacker] Everything's up-to-date. Nothing to do
  Rendered layout layouts/application.html.erb (Duration: 76.5ms | Allocations: 9330)
Completed 200 OK in 83ms (Views: 81.5ms | Allocations: 10409)


Started GET "/main/signUp" for 127.0.0.1 at 2021-01-16 20:02:26 +0000
Processing by MainController#signUp as HTML
  Rendering layout layouts/application.html.erb
  Rendering main/signUp.html.erb within layouts/application
  Rendered main/signUp.html.erb within layouts/application (Duration: 0.4ms | Allocations: 226)
[Webpacker] Everything's up-to-date. Nothing to do
  Rendered layout layouts/application.html.erb (Duration: 54.8ms | Allocations: 6161)
Completed 200 OK in 57ms (Views: 55.8ms | Allocations: 6663)


